#
# A fatal error has been detected by the Java Runtime Environment:
#
#  SIGSEGV (0xb) at pc=0x000000010bacadba, pid=2184, tid=17155
#
# JRE version: Java(TM) SE Runtime Environment (7.0_79-b15) (build 1.7.0_79-b15)
# Java VM: Java HotSpot(TM) 64-Bit Server VM (24.79-b02 mixed mode bsd-amd64 compressed oops)
# Problematic frame:
# V  [libjvm.dylib+0x22cdba]  Dict::Insert(void*, void*, bool)+0x58
#
# Failed to write core dump. Core dumps have been disabled. To enable core dumping, try "ulimit -c unlimited" before starting Java again
#
# If you would like to submit a bug report, please visit:
#   http://bugreport.java.com/bugreport/crash.jsp
#

---------------  T H R E A D  ---------------

Current thread (0x00007f892b000800):  JavaThread "C2 CompilerThread1" daemon [_thread_in_native, id=17155, stack(0x000000015ad23000,0x000000015ae23000)]

siginfo:si_signo=SIGSEGV: si_errno=0, si_code=1 (SEGV_MAPERR), si_addr=0x000000005ae22300

Registers:
RAX=0x0000000000000000, RBX=0x000000005ae222e8, RCX=0x00007f892b968610, RDX=0x00007f892b969f38
RSP=0x000000015ae1c998, RBP=0x000000015ae1c9f0, RSI=0x0000000000000000, RDI=0x0000000000000000
R8 =0x0000000000000001, R9 =0x0000000000000000, R10=0x00000000866f0cc4, R11=0x0000000080dc3384
R12=0x0000000000000001, R13=0x0000000000000002, R14=0x00007f892b969f30, R15=0x0000000000000003
RIP=0x000000010bacadba, EFLAGS=0x0000000000010206, ERR=0x0000000000000004
  TRAPNO=0x000000000000000e

Top of Stack: (sp=0x000000015ae1c998)
0x000000015ae1c998:   0000000048c85d8b 0000000000000010
0x000000015ae1c9a8:   0000000000005992 00007f892aa32a68
0x000000015ae1c9b8:   00007f892b969f38 00007f892aa32a68
0x000000015ae1c9c8:   00007f892aa32a68 00007f892a88f788
0x000000015ae1c9d8:   000000015ae21300 00007f892a61b840
0x000000015ae1c9e8:   00007f892c159350 000000015ae1ca10
0x000000015ae1c9f8:   000000010bda146a 00007f892a863260
0x000000015ae1ca08:   000000015ae209e8 000000015ae1ca20
0x000000015ae1ca18:   000000010bc7cc1e 000000015ae1ca80
0x000000015ae1ca28:   000000010bc804c6 0000000000000000
0x000000015ae1ca38:   00007f892aa7cc00 010000015ae1ca60
0x000000015ae1ca48:   000000015ae209e8 00007f892aa7d558
0x000000015ae1ca58:   000000015ae209e8 000000010be1b3fa
0x000000015ae1ca68:   000000015ae220b8 00007f892aa7d558
0x000000015ae1ca78:   000000015ae21358 000000015ae1cac0
0x000000015ae1ca88:   000000010bc7e169 000000012b974fd0
0x000000015ae1ca98:   00007f892aa7d558 000000010be1b3fa
0x000000015ae1caa8:   000000015ae220b8 000000015ae209e8
0x000000015ae1cab8:   000000015ae21358 000000015ae1cb00
0x000000015ae1cac8:   000000010bce8f74 000000015ae1cb00
0x000000015ae1cad8:   00000000000005be 000000010be1b3fa
0x000000015ae1cae8:   000000015ae220b8 000000015ae209e8
0x000000015ae1caf8:   000000015ae213d0 000000015ae1cb40
0x000000015ae1cb08:   000000010bce8ae1 000000015ae1cb40
0x000000015ae1cb18:   000000015ae220b8 00007f892a71ca80
0x000000015ae1cb28:   000000015ae220b8 000000015ae209e8
0x000000015ae1cb38:   000000015ae229c8 000000015ae214b0
0x000000015ae1cb48:   000000010ba58536 0000000000000000
0x000000015ae1cb58:   000000000000000e 000000015ae220b8
0x000000015ae1cb68:   000000015ae209e8 00007f892d2c22d0
0x000000015ae1cb78:   00007f892d2c2458 00007f892d2c2908
0x000000015ae1cb88:   00007f892d2c23b0 00007f892d2c24c0 

Instructions: (pc=0x000000010bacadba)
0x000000010bacad9a:   8d 54 31 08 48 89 55 c8 49 01 ce 45 31 ff 89 45
0x000000010bacadaa:   b8 45 89 fc eb 55 48 8b 5d c8 48 8b 1b 41 ff c7
0x000000010bacadba:   4a 8b 04 fb 8b 4d bc 84 c9 0f 84 de 00 00 00 48
0x000000010bacadca:   8b 75 d0 4a 89 34 eb 48 8b 5d c8 48 8b 1b 48 8b 

Register to memory mapping:

RAX=0x0000000000000000 is an unknown value
RBX=0x000000005ae222e8 is an unknown value
RCX=0x00007f892b968610 is an unknown value
RDX=0x00007f892b969f38 is an unknown value
RSP=0x000000015ae1c998 is pointing into the stack for thread: 0x00007f892b000800
RBP=0x000000015ae1c9f0 is pointing into the stack for thread: 0x00007f892b000800
RSI=0x0000000000000000 is an unknown value
RDI=0x0000000000000000 is an unknown value
R8 =0x0000000000000001 is an unknown value
R9 =0x0000000000000000 is an unknown value
R10=0x00000000866f0cc4 is an unknown value
R11=0x0000000080dc3384 is an unknown value
R12=0x0000000000000001 is an unknown value
R13=0x0000000000000002 is an unknown value
R14=0x00007f892b969f30 is an unknown value
R15=0x0000000000000003 is an unknown value


Stack: [0x000000015ad23000,0x000000015ae23000],  sp=0x000000015ae1c998,  free space=998k
Native frames: (J=compiled Java code, j=interpreted, Vv=VM code, C=native code)
V  [libjvm.dylib+0x22cdba]  Dict::Insert(void*, void*, bool)+0x58
V  [libjvm.dylib+0x50346a]  Type::hashcons()+0x3e
V  [libjvm.dylib+0x3dec1e]  MemNode::adr_type() const+0x12
V  [libjvm.dylib+0x3e24c6]  MemNode::Ideal_common(PhaseGVN*, bool)+0x1e2
V  [libjvm.dylib+0x3e0169]  StoreNode::Ideal(PhaseGVN*, bool)+0x25
V  [libjvm.dylib+0x44af74]  PhaseIterGVN::transform_old(Node*)+0x3a
V  [libjvm.dylib+0x44aae1]  PhaseIterGVN::optimize()+0x35
V  [libjvm.dylib+0x1ba536]  Compile::Optimize()+0xa6
V  [libjvm.dylib+0x1bd472]  Compile::Compile(ciEnv*, C2Compiler*, ciMethod*, int, bool, bool)+0x88a
V  [libjvm.dylib+0x166b07]  C2Compiler::compile_method(ciEnv*, ciMethod*, int)+0x9d
V  [libjvm.dylib+0x1c0618]  CompileBroker::invoke_compiler_on_method(CompileTask*)+0x3e0
V  [libjvm.dylib+0x1c235a]  CompileBroker::compiler_thread_loop()+0x12c
V  [libjvm.dylib+0x4f759d]  JavaThread::thread_main_inner()+0x9b
V  [libjvm.dylib+0x4f8ca5]  JavaThread::run()+0x1a3
V  [libjvm.dylib+0x421c4e]  java_start(Thread*)+0x126
C  [libsystem_pthread.dylib+0x405a]  _pthread_body+0x83
C  [libsystem_pthread.dylib+0x3fd7]  _pthread_body+0x0
C  [libsystem_pthread.dylib+0x13ed]  thread_start+0xd


Current CompileTask:
C2:  12524  283             com.android.dx.ssa.SsaMethod::forEachBlockDepthFirstDom (128 bytes)


---------------  P R O C E S S  ---------------

Java Threads: ( => current thread )
  0x00007f892ab6b000 JavaThread "pool-1-thread-1" [_thread_in_Java, id=19207, stack(0x000000015b224000,0x000000015b324000)]
  0x00007f892a860000 JavaThread "Service Thread" daemon [_thread_blocked, id=17667, stack(0x000000015ae26000,0x000000015af26000)]
=>0x00007f892b000800 JavaThread "C2 CompilerThread1" daemon [_thread_in_native, id=17155, stack(0x000000015ad23000,0x000000015ae23000)]
  0x00007f892a85f800 JavaThread "C2 CompilerThread0" daemon [_thread_in_native, id=16643, stack(0x000000015ac20000,0x000000015ad20000)]
  0x00007f892a85a000 JavaThread "Signal Dispatcher" daemon [_thread_blocked, id=13583, stack(0x000000015ab1d000,0x000000015ac1d000)]
  0x00007f892b806000 JavaThread "Finalizer" daemon [_thread_blocked, id=11011, stack(0x00000001590f9000,0x00000001591f9000)]
  0x00007f892a84d000 JavaThread "Reference Handler" daemon [_thread_blocked, id=10499, stack(0x0000000158ff6000,0x00000001590f6000)]
  0x00007f892b002800 JavaThread "main" [_thread_blocked, id=3331, stack(0x000000010c302000,0x000000010c402000)]

Other Threads:
  0x00007f892a84a000 VMThread [stack: 0x0000000158ef3000,0x0000000158ff3000] [id=9987]
  0x00007f892b017000 WatcherThread [stack: 0x000000015af29000,0x000000015b029000] [id=18179]

VM state:not at safepoint (normal execution)

VM Mutex/Monitor currently owned by a thread: None

Heap
 PSYoungGen      total 38912K, used 26344K [0x000000013f280000, 0x0000000141d80000, 0x0000000154800000)
  eden space 33792K, 62% used [0x000000013f280000,0x0000000140742250,0x0000000141380000)
  from space 5120K, 99% used [0x0000000141380000,0x0000000141878048,0x0000000141880000)
  to   space 5120K, 0% used [0x0000000141880000,0x0000000141880000,0x0000000141d80000)
 ParOldGen       total 87040K, used 9642K [0x0000000114800000, 0x0000000119d00000, 0x000000013f280000)
  object space 87040K, 11% used [0x0000000114800000,0x000000011516a8e8,0x0000000119d00000)
 PSPermGen       total 21504K, used 6081K [0x000000010f600000, 0x0000000110b00000, 0x0000000114800000)
  object space 21504K, 28% used [0x000000010f600000,0x000000010fbf05b8,0x0000000110b00000)

Card table byte_map: [0x0000000154800000,0x0000000154a2a000] byte_map_base: 0x0000000153f85000

Polling page: 0x000000010c441000

Code Cache  [0x000000010c454000, 0x000000010c6c4000, 0x000000010f454000)
 total_blobs=513 nmethods=283 adapters=183 free_code_cache=47982Kb largest_free_block=49098368

Compilation events (10 events):
Event: 11.870 Thread 0x00007f892b000800 nmethod 278 0x000000010c5659d0 code [0x000000010c565ba0, 0x000000010c566108]
Event: 11.870 Thread 0x00007f892b000800  279             java.util.HashSet::<init> (16 bytes)
Event: 11.877 Thread 0x00007f892b000800 nmethod 279 0x000000010c5656d0 code [0x000000010c565820, 0x000000010c565938]
Event: 11.877 Thread 0x00007f892b000800  280             java.util.HashMap::createEntry (39 bytes)
Event: 11.881 Thread 0x00007f892b000800 nmethod 280 0x000000010c565250 code [0x000000010c5653a0, 0x000000010c565578]
Event: 11.881 Thread 0x00007f892b000800  281             com.android.dx.ssa.SCCP::simulateStmt (481 bytes)
Event: 12.335 Thread 0x00007f892b000800 nmethod 281 0x000000010c57c010 code [0x000000010c57c420, 0x000000010c57dea0]
Event: 12.335 Thread 0x00007f892b000800  282             com.android.dx.ssa.SsaMethod$2::visitNonMoveInsn (6 bytes)
Event: 12.336 Thread 0x00007f892b000800 nmethod 282 0x000000010c564fd0 code [0x000000010c565120, 0x000000010c5651a8]
Event: 12.336 Thread 0x00007f892b000800  283             com.android.dx.ssa.SsaMethod::forEachBlockDepthFirstDom (128 bytes)

GC Heap History (6 events):
Event: 2.728 GC heap before
{Heap before GC invocations=1 (full 0):
 PSYoungGen      total 38912K, used 33792K [0x000000013f280000, 0x0000000141d80000, 0x0000000154800000)
  eden space 33792K, 100% used [0x000000013f280000,0x0000000141380000,0x0000000141380000)
  from space 5120K, 0% used [0x0000000141880000,0x0000000141880000,0x0000000141d80000)
  to   space 5120K, 0% used [0x0000000141380000,0x0000000141380000,0x0000000141880000)
 ParOldGen       total 87040K, used 0K [0x0000000114800000, 0x0000000119d00000, 0x000000013f280000)
  object space 87040K, 0% used [0x0000000114800000,0x0000000114800000,0x0000000119d00000)
 PSPermGen       total 21504K, used 5722K [0x000000010f600000, 0x0000000110b00000, 0x0000000114800000)
  object space 21504K, 26% used [0x000000010f600000,0x000000010fb96a40,0x0000000110b00000)
Event: 2.738 GC heap after
Heap after GC invocations=1 (full 0):
 PSYoungGen      total 38912K, used 5091K [0x000000013f280000, 0x0000000141d80000, 0x0000000154800000)
  eden space 33792K, 0% used [0x000000013f280000,0x000000013f280000,0x0000000141380000)
  from space 5120K, 99% used [0x0000000141380000,0x0000000141878eb8,0x0000000141880000)
  to   space 5120K, 0% used [0x0000000141880000,0x0000000141880000,0x0000000141d80000)
 ParOldGen       total 87040K, used 649K [0x0000000114800000, 0x0000000119d00000, 0x000000013f280000)
  object space 87040K, 0% used [0x0000000114800000,0x00000001148a25f8,0x0000000119d00000)
 PSPermGen       total 21504K, used 5722K [0x000000010f600000, 0x0000000110b00000, 0x0000000114800000)
  object space 21504K, 26% used [0x000000010f600000,0x000000010fb96a40,0x0000000110b00000)
}
Event: 4.891 GC heap before
{Heap before GC invocations=2 (full 0):
 PSYoungGen      total 38912K, used 38883K [0x000000013f280000, 0x0000000141d80000, 0x0000000154800000)
  eden space 33792K, 100% used [0x000000013f280000,0x0000000141380000,0x0000000141380000)
  from space 5120K, 99% used [0x0000000141380000,0x0000000141878eb8,0x0000000141880000)
  to   space 5120K, 0% used [0x0000000141880000,0x0000000141880000,0x0000000141d80000)
 ParOldGen       total 87040K, used 649K [0x0000000114800000, 0x0000000119d00000, 0x000000013f280000)
  object space 87040K, 0% used [0x0000000114800000,0x00000001148a25f8,0x0000000119d00000)
 PSPermGen       total 21504K, used 5890K [0x000000010f600000, 0x0000000110b00000, 0x0000000114800000)
  object space 21504K, 27% used [0x000000010f600000,0x000000010fbc0ba0,0x0000000110b00000)
Event: 4.905 GC heap after
Heap after GC invocations=2 (full 0):
 PSYoungGen      total 38912K, used 5095K [0x000000013f280000, 0x0000000141d80000, 0x0000000154800000)
  eden space 33792K, 0% used [0x000000013f280000,0x000000013f280000,0x0000000141380000)
  from space 5120K, 99% used [0x0000000141880000,0x0000000141d79c98,0x0000000141d80000)
  to   space 5120K, 0% used [0x0000000141380000,0x0000000141380000,0x0000000141880000)
 ParOldGen       total 87040K, used 4378K [0x0000000114800000, 0x0000000119d00000, 0x000000013f280000)
  object space 87040K, 5% used [0x0000000114800000,0x0000000114c46bc8,0x0000000119d00000)
 PSPermGen       total 21504K, used 5890K [0x000000010f600000, 0x0000000110b00000, 0x0000000114800000)
  object space 21504K, 27% used [0x000000010f600000,0x000000010fbc0ba0,0x0000000110b00000)
}
Event: 7.075 GC heap before
{Heap before GC invocations=3 (full 0):
 PSYoungGen      total 38912K, used 38887K [0x000000013f280000, 0x0000000141d80000, 0x0000000154800000)
  eden space 33792K, 100% used [0x000000013f280000,0x0000000141380000,0x0000000141380000)
  from space 5120K, 99% used [0x0000000141880000,0x0000000141d79c98,0x0000000141d80000)
  to   space 5120K, 0% used [0x0000000141380000,0x0000000141380000,0x0000000141880000)
 ParOldGen       total 87040K, used 4378K [0x0000000114800000, 0x0000000119d00000, 0x000000013f280000)
  object space 87040K, 5% used [0x0000000114800000,0x0000000114c46bc8,0x0000000119d00000)
 PSPermGen       total 21504K, used 5939K [0x000000010f600000, 0x0000000110b00000, 0x0000000114800000)
  object space 21504K, 27% used [0x000000010f600000,0x000000010fbccdc8,0x0000000110b00000)
Event: 7.089 GC heap after
Heap after GC invocations=3 (full 0):
 PSYoungGen      total 38912K, used 5088K [0x000000013f280000, 0x0000000141d80000, 0x0000000154800000)
  eden space 33792K, 0% used [0x000000013f280000,0x000000013f280000,0x0000000141380000)
  from space 5120K, 99% used [0x0000000141380000,0x0000000141878048,0x0000000141880000)
  to   space 5120K, 0% used [0x0000000141880000,0x0000000141880000,0x0000000141d80000)
 ParOldGen       total 87040K, used 9642K [0x0000000114800000, 0x0000000119d00000, 0x000000013f280000)
  object space 87040K, 11% used [0x0000000114800000,0x000000011516a8e8,0x0000000119d00000)
 PSPermGen       total 21504K, used 5939K [0x000000010f600000, 0x0000000110b00000, 0x0000000114800000)
  object space 21504K, 27% used [0x000000010f600000,0x000000010fbccdc8,0x0000000110b00000)
}

Deoptimization events (6 events):
Event: 2.906 Thread 0x00007f892c035800 Uncommon trap: reason=null_check action=make_not_entrant pc=0x000000010c4f3aa8 method=com.android.dx.rop.type.Type.equals(Ljava/lang/Object;)Z @ 8
Event: 5.138 Thread 0x00007f892c02a800 Uncommon trap: reason=class_check action=maybe_recompile pc=0x000000010c4ffec0 method=java.util.HashMap.put(Ljava/lang/Object;Ljava/lang/Object;)Ljava/lang/Object; @ 83
Event: 5.901 Thread 0x00007f892c035800 Uncommon trap: reason=null_check action=make_not_entrant pc=0x000000010c51fb1c method=com.android.dx.ssa.SsaRenamer.getLocalForNewReg(I)Lcom/android/dx/rop/code/LocalItem; @ 19
Event: 8.358 Thread 0x00007f892ab6b000 Uncommon trap: reason=class_check action=maybe_recompile pc=0x000000010c4ffec0 method=java.util.HashMap.put(Ljava/lang/Object;Ljava/lang/Object;)Ljava/lang/Object; @ 83
Event: 8.358 Thread 0x00007f892ab6b000 Uncommon trap: reason=class_check action=maybe_recompile pc=0x000000010c4ffec0 method=java.util.HashMap.put(Ljava/lang/Object;Ljava/lang/Object;)Ljava/lang/Object; @ 83
Event: 8.358 Thread 0x00007f892ab6b000 Uncommon trap: reason=class_check action=maybe_recompile pc=0x000000010c4ffec0 method=java.util.HashMap.put(Ljava/lang/Object;Ljava/lang/Object;)Ljava/lang/Object; @ 83

Internal exceptions (10 events):
Event: 3.635 Thread 0x00007f892b002800 Threw 0x000000014008d220 at /HUDSON/workspace/7u-2-build-macosx-x86_64/jdk7u79/2331/hotspot/src/share/vm/prims/jvm.cpp:1304
Event: 4.287 Thread 0x00007f892c02a800 Threw 0x0000000140b363c8 at /HUDSON/workspace/7u-2-build-macosx-x86_64/jdk7u79/2331/hotspot/src/share/vm/prims/jvm.cpp:1304
Event: 5.627 Thread 0x00007f892b914000 Threw 0x000000013fd69e58 at /HUDSON/workspace/7u-2-build-macosx-x86_64/jdk7u79/2331/hotspot/src/share/vm/prims/jvm.cpp:1304
Event: 5.901 Thread 0x00007f892c035800 Implicit null exception at 0x000000010c51e156 to 0x000000010c51faf9
Event: 5.952 Thread 0x00007f892c035800 Threw 0x0000000140070388 at /HUDSON/workspace/7u-2-build-macosx-x86_64/jdk7u79/2331/hotspot/src/share/vm/prims/jvm.cpp:1304
Event: 8.311 Thread 0x00007f892b002800 Threw 0x0000000140195728 at /HUDSON/workspace/7u-2-build-macosx-x86_64/jdk7u79/2331/hotspot/src/share/vm/prims/jvm.cpp:1304
Event: 8.418 Thread 0x00007f892ab6b000 Threw 0x00000001404d8270 at /HUDSON/workspace/7u-2-build-macosx-x86_64/jdk7u79/2331/hotspot/src/share/vm/prims/jvm.cpp:1304
Event: 11.429 Thread 0x00007f892ab6b000 Threw 0x000000014060eec0 at /HUDSON/workspace/7u-2-build-macosx-x86_64/jdk7u79/2331/hotspot/src/share/vm/prims/jvm.cpp:1304
Event: 12.366 Thread 0x00007f892ab6b000 Threw 0x00000001406c4410 at /HUDSON/workspace/7u-2-build-macosx-x86_64/jdk7u79/2331/hotspot/src/share/vm/prims/jvm.cpp:1304
Event: 12.482 Thread 0x00007f892ab6b000 Threw 0x00000001406ef088 at /HUDSON/workspace/7u-2-build-macosx-x86_64/jdk7u79/2331/hotspot/src/share/vm/prims/jvm.cpp:1304

Events (10 events):
Event: 8.418 loading class 0x00007f892a619860
Event: 8.418 loading class 0x00007f892a619860 done
Event: 11.429 loading class 0x00007f892a513510
Event: 11.429 loading class 0x00007f892a513510 done
Event: 12.366 loading class 0x00007f892a5167a0
Event: 12.366 loading class 0x00007f892a5167a0 done
Event: 12.482 loading class 0x0000000157477510
Event: 12.482 loading class 0x0000000157477510 done
Event: 12.482 loading class 0x00007f892a610620
Event: 12.482 loading class 0x00007f892a610620 done


Dynamic libraries:
0x0000000007814000 	/System/Library/Frameworks/Cocoa.framework/Versions/A/Cocoa
0x0000000007814000 	/System/Library/Frameworks/Security.framework/Versions/A/Security
0x0000000007814000 	/System/Library/Frameworks/ApplicationServices.framework/Versions/A/ApplicationServices
0x0000000007814000 	/usr/lib/libz.1.dylib
0x0000000007814000 	/usr/lib/libSystem.B.dylib
0x0000000007814000 	/usr/lib/libobjc.A.dylib
0x0000000007814000 	/System/Library/Frameworks/CoreFoundation.framework/Versions/A/CoreFoundation
0x0000000007814000 	/System/Library/Frameworks/Foundation.framework/Versions/C/Foundation
0x0000000007814000 	/System/Library/Frameworks/AppKit.framework/Versions/C/AppKit
0x0000000007814000 	/System/Library/Frameworks/CoreData.framework/Versions/A/CoreData
0x0000000007814000 	/System/Library/PrivateFrameworks/RemoteViewServices.framework/Versions/A/RemoteViewServices
0x0000000007814000 	/System/Library/PrivateFrameworks/UIFoundation.framework/Versions/A/UIFoundation
0x0000000007814000 	/System/Library/Frameworks/IOSurface.framework/Versions/A/IOSurface
0x0000000007814000 	/System/Library/Frameworks/AudioToolbox.framework/Versions/A/AudioToolbox
0x0000000007814000 	/System/Library/Frameworks/AudioUnit.framework/Versions/A/AudioUnit
0x0000000007814000 	/System/Library/PrivateFrameworks/DataDetectorsCore.framework/Versions/A/DataDetectorsCore
0x0000000007814000 	/System/Library/PrivateFrameworks/DesktopServicesPriv.framework/Versions/A/DesktopServicesPriv
0x0000000007814000 	/System/Library/Frameworks/Carbon.framework/Versions/A/Frameworks/HIToolbox.framework/Versions/A/HIToolbox
0x0000000007814000 	/System/Library/Frameworks/QuartzCore.framework/Versions/A/QuartzCore
0x0000000007814000 	/System/Library/Frameworks/Carbon.framework/Versions/A/Frameworks/SpeechRecognition.framework/Versions/A/SpeechRecognition
0x0000000007814000 	/usr/lib/libauto.dylib
0x0000000007814000 	/usr/lib/libicucore.A.dylib
0x0000000007814000 	/usr/lib/libxml2.2.dylib
0x0000000007814000 	/System/Library/PrivateFrameworks/CoreUI.framework/Versions/A/CoreUI
0x0000000007814000 	/System/Library/Frameworks/CoreAudio.framework/Versions/A/CoreAudio
0x0000000007814000 	/System/Library/Frameworks/DiskArbitration.framework/Versions/A/DiskArbitration
0x0000000007814000 	/usr/lib/liblangid.dylib
0x0000000007814000 	/System/Library/PrivateFrameworks/MultitouchSupport.framework/Versions/A/MultitouchSupport
0x0000000007814000 	/System/Library/Frameworks/IOKit.framework/Versions/A/IOKit
0x0000000007814000 	/usr/lib/libDiagnosticMessagesClient.dylib
0x0000000007814000 	/System/Library/Frameworks/CoreServices.framework/Versions/A/CoreServices
0x0000000007814000 	/System/Library/PrivateFrameworks/PerformanceAnalysis.framework/Versions/A/PerformanceAnalysis
0x0000000007814000 	/System/Library/PrivateFrameworks/GenerationalStorage.framework/Versions/A/GenerationalStorage
0x0000000007814000 	/System/Library/Frameworks/OpenGL.framework/Versions/A/OpenGL
0x0000000007814000 	/System/Library/PrivateFrameworks/Sharing.framework/Versions/A/Sharing
0x0000000007814000 	/System/Library/Frameworks/CoreGraphics.framework/Versions/A/CoreGraphics
0x0000000007814000 	/System/Library/Frameworks/CoreText.framework/Versions/A/CoreText
0x0000000007814000 	/System/Library/Frameworks/ImageIO.framework/Versions/A/ImageIO
0x0000000007814000 	/usr/lib/libextension.dylib
0x0000000007814000 	/System/Library/PrivateFrameworks/Backup.framework/Versions/A/Backup
0x0000000007814000 	/usr/lib/libarchive.2.dylib
0x0000000007814000 	/System/Library/Frameworks/CFNetwork.framework/Versions/A/CFNetwork
0x0000000007814000 	/System/Library/Frameworks/SystemConfiguration.framework/Versions/A/SystemConfiguration
0x0000000007814000 	/usr/lib/libCRFSuite.dylib
0x0000000007814000 	/usr/lib/libc++.1.dylib
0x0000000007814000 	/usr/lib/libc++abi.dylib
0x0000000007814000 	/usr/lib/system/libcache.dylib
0x0000000007814000 	/usr/lib/system/libcommonCrypto.dylib
0x0000000007814000 	/usr/lib/system/libcompiler_rt.dylib
0x0000000007814000 	/usr/lib/system/libcopyfile.dylib
0x0000000007814000 	/usr/lib/system/libcorecrypto.dylib
0x0000000007814000 	/usr/lib/system/libdispatch.dylib
0x0000000007814000 	/usr/lib/system/libdyld.dylib
0x0000000007814000 	/usr/lib/system/libkeymgr.dylib
0x0000000007814000 	/usr/lib/system/liblaunch.dylib
0x0000000007814000 	/usr/lib/system/libmacho.dylib
0x0000000007814000 	/usr/lib/system/libquarantine.dylib
0x0000000007814000 	/usr/lib/system/libremovefile.dylib
0x0000000007814000 	/usr/lib/system/libsystem_asl.dylib
0x0000000007814000 	/usr/lib/system/libsystem_blocks.dylib
0x0000000007814000 	/usr/lib/system/libsystem_c.dylib
0x0000000007814000 	/usr/lib/system/libsystem_configuration.dylib
0x0000000007814000 	/usr/lib/system/libsystem_coreservices.dylib
0x0000000007814000 	/usr/lib/system/libsystem_coretls.dylib
0x0000000007814000 	/usr/lib/system/libsystem_dnssd.dylib
0x0000000007814000 	/usr/lib/system/libsystem_info.dylib
0x0000000007814000 	/usr/lib/system/libsystem_kernel.dylib
0x0000000007814000 	/usr/lib/system/libsystem_m.dylib
0x0000000007814000 	/usr/lib/system/libsystem_malloc.dylib
0x0000000007814000 	/usr/lib/system/libsystem_network.dylib
0x0000000007814000 	/usr/lib/system/libsystem_networkextension.dylib
0x0000000007814000 	/usr/lib/system/libsystem_notify.dylib
0x0000000007814000 	/usr/lib/system/libsystem_platform.dylib
0x0000000007814000 	/usr/lib/system/libsystem_pthread.dylib
0x0000000007814000 	/usr/lib/system/libsystem_sandbox.dylib
0x0000000007814000 	/usr/lib/system/libsystem_secinit.dylib
0x0000000007814000 	/usr/lib/system/libsystem_stats.dylib
0x0000000007814000 	/usr/lib/system/libsystem_trace.dylib
0x0000000007814000 	/usr/lib/system/libunc.dylib
0x0000000007814000 	/usr/lib/system/libunwind.dylib
0x0000000007814000 	/usr/lib/system/libxpc.dylib
0x0000000007814000 	/usr/lib/libbz2.1.0.dylib
0x0000000007814000 	/usr/lib/liblzma.5.dylib
0x0000000007814000 	/usr/lib/libbsm.0.dylib
0x0000000007814000 	/usr/lib/libsqlite3.dylib
0x0000000007814000 	/usr/lib/system/libkxld.dylib
0x0000000007814000 	/usr/lib/libxar.1.dylib
0x0000000007814000 	/usr/lib/libpam.2.dylib
0x0000000007814000 	/usr/lib/libOpenScriptingUtil.dylib
0x0000000007814000 	/System/Library/Frameworks/CoreServices.framework/Versions/A/Frameworks/FSEvents.framework/Versions/A/FSEvents
0x0000000007814000 	/System/Library/Frameworks/CoreServices.framework/Versions/A/Frameworks/CarbonCore.framework/Versions/A/CarbonCore
0x0000000007814000 	/System/Library/Frameworks/CoreServices.framework/Versions/A/Frameworks/Metadata.framework/Versions/A/Metadata
0x0000000007814000 	/System/Library/Frameworks/CoreServices.framework/Versions/A/Frameworks/OSServices.framework/Versions/A/OSServices
0x0000000007814000 	/System/Library/Frameworks/CoreServices.framework/Versions/A/Frameworks/SearchKit.framework/Versions/A/SearchKit
0x0000000007814000 	/System/Library/Frameworks/CoreServices.framework/Versions/A/Frameworks/AE.framework/Versions/A/AE
0x0000000007814000 	/System/Library/Frameworks/CoreServices.framework/Versions/A/Frameworks/LaunchServices.framework/Versions/A/LaunchServices
0x0000000007814000 	/System/Library/Frameworks/CoreServices.framework/Versions/A/Frameworks/DictionaryServices.framework/Versions/A/DictionaryServices
0x0000000007814000 	/System/Library/Frameworks/NetFS.framework/Versions/A/NetFS
0x0000000007814000 	/System/Library/PrivateFrameworks/NetAuth.framework/Versions/A/NetAuth
0x0000000007814000 	/System/Library/PrivateFrameworks/login.framework/Versions/A/Frameworks/loginsupport.framework/Versions/A/loginsupport
0x0000000007814000 	/System/Library/PrivateFrameworks/TCC.framework/Versions/A/TCC
0x0000000007814000 	/usr/lib/libmecabra.dylib
0x0000000007814000 	/System/Library/Frameworks/ApplicationServices.framework/Versions/A/Frameworks/ATS.framework/Versions/A/ATS
0x0000000007814000 	/System/Library/Frameworks/ApplicationServices.framework/Versions/A/Frameworks/ColorSync.framework/Versions/A/ColorSync
0x0000000007814000 	/System/Library/Frameworks/ApplicationServices.framework/Versions/A/Frameworks/HIServices.framework/Versions/A/HIServices
0x0000000007814000 	/System/Library/Frameworks/ApplicationServices.framework/Versions/A/Frameworks/LangAnalysis.framework/Versions/A/LangAnalysis
0x0000000007814000 	/System/Library/Frameworks/ApplicationServices.framework/Versions/A/Frameworks/PrintCore.framework/Versions/A/PrintCore
0x0000000007814000 	/System/Library/Frameworks/ApplicationServices.framework/Versions/A/Frameworks/QD.framework/Versions/A/QD
0x0000000007814000 	/System/Library/Frameworks/ApplicationServices.framework/Versions/A/Frameworks/SpeechSynthesis.framework/Versions/A/SpeechSynthesis
0x0000000007814000 	/System/Library/Frameworks/Accelerate.framework/Versions/A/Accelerate
0x0000000007814000 	/System/Library/Frameworks/Accelerate.framework/Versions/A/Frameworks/vImage.framework/Versions/A/vImage
0x0000000007814000 	/System/Library/Frameworks/Accelerate.framework/Versions/A/Frameworks/vecLib.framework/Versions/A/vecLib
0x0000000007814000 	/System/Library/Frameworks/Accelerate.framework/Versions/A/Frameworks/vecLib.framework/Versions/A/libvDSP.dylib
0x0000000007814000 	/System/Library/Frameworks/Accelerate.framework/Versions/A/Frameworks/vecLib.framework/Versions/A/libvMisc.dylib
0x0000000007814000 	/System/Library/Frameworks/Accelerate.framework/Versions/A/Frameworks/vecLib.framework/Versions/A/libLAPACK.dylib
0x0000000007814000 	/System/Library/Frameworks/Accelerate.framework/Versions/A/Frameworks/vecLib.framework/Versions/A/libBLAS.dylib
0x0000000007814000 	/System/Library/Frameworks/Accelerate.framework/Versions/A/Frameworks/vecLib.framework/Versions/A/libLinearAlgebra.dylib
0x0000000007814000 	/System/Library/Frameworks/ApplicationServices.framework/Versions/A/Frameworks/ATS.framework/Versions/A/Resources/libFontParser.dylib
0x0000000007814000 	/System/Library/Frameworks/ApplicationServices.framework/Versions/A/Frameworks/ATS.framework/Versions/A/Resources/libFontRegistry.dylib
0x0000000007814000 	/System/Library/PrivateFrameworks/AppleVPA.framework/Versions/A/AppleVPA
0x0000000007814000 	/System/Library/PrivateFrameworks/AppleJPEG.framework/Versions/A/AppleJPEG
0x0000000007814000 	/System/Library/Frameworks/ImageIO.framework/Versions/A/Resources/libJPEG.dylib
0x0000000007814000 	/System/Library/Frameworks/ImageIO.framework/Versions/A/Resources/libTIFF.dylib
0x0000000007814000 	/System/Library/Frameworks/ImageIO.framework/Versions/A/Resources/libPng.dylib
0x0000000007814000 	/System/Library/Frameworks/ImageIO.framework/Versions/A/Resources/libGIF.dylib
0x0000000007814000 	/System/Library/Frameworks/ImageIO.framework/Versions/A/Resources/libJP2.dylib
0x0000000007814000 	/System/Library/Frameworks/ImageIO.framework/Versions/A/Resources/libRadiance.dylib
0x0000000007814000 	/System/Library/Frameworks/CoreVideo.framework/Versions/A/CoreVideo
0x0000000007814000 	/System/Library/Frameworks/OpenGL.framework/Versions/A/Libraries/libGLU.dylib
0x0000000007814000 	/System/Library/Frameworks/OpenGL.framework/Versions/A/Libraries/libGFXShared.dylib
0x0000000007814000 	/System/Library/Frameworks/OpenGL.framework/Versions/A/Libraries/libGL.dylib
0x0000000007814000 	/System/Library/Frameworks/OpenGL.framework/Versions/A/Libraries/libGLImage.dylib
0x0000000007814000 	/System/Library/Frameworks/OpenGL.framework/Versions/A/Libraries/libCVMSPluginSupport.dylib
0x0000000007814000 	/System/Library/Frameworks/OpenGL.framework/Versions/A/Libraries/libCoreVMClient.dylib
0x0000000007814000 	/usr/lib/libcups.2.dylib
0x0000000007814000 	/System/Library/Frameworks/Kerberos.framework/Versions/A/Kerberos
0x0000000007814000 	/System/Library/Frameworks/GSS.framework/Versions/A/GSS
0x0000000007814000 	/usr/lib/libresolv.9.dylib
0x0000000007814000 	/usr/lib/libiconv.2.dylib
0x0000000007814000 	/System/Library/PrivateFrameworks/Heimdal.framework/Versions/A/Heimdal
0x0000000007814000 	/usr/lib/libheimdal-asn1.dylib
0x0000000007814000 	/System/Library/Frameworks/OpenDirectory.framework/Versions/A/OpenDirectory
0x0000000007814000 	/System/Library/PrivateFrameworks/CommonAuth.framework/Versions/A/CommonAuth
0x0000000007814000 	/System/Library/Frameworks/OpenDirectory.framework/Versions/A/Frameworks/CFOpenDirectory.framework/Versions/A/CFOpenDirectory
0x0000000007814000 	/System/Library/Frameworks/SecurityFoundation.framework/Versions/A/SecurityFoundation
0x0000000007814000 	/System/Library/PrivateFrameworks/LanguageModeling.framework/Versions/A/LanguageModeling
0x0000000007814000 	/usr/lib/libcmph.dylib
0x0000000007814000 	/System/Library/Frameworks/ServiceManagement.framework/Versions/A/ServiceManagement
0x0000000007814000 	/usr/lib/libxslt.1.dylib
0x0000000007814000 	/System/Library/Frameworks/Carbon.framework/Versions/A/Frameworks/Ink.framework/Versions/A/Ink
0x0000000007814000 	/System/Library/Frameworks/QuartzCore.framework/Versions/A/Frameworks/CoreImage.framework/Versions/A/CoreImage
0x0000000007814000 	/System/Library/PrivateFrameworks/CrashReporterSupport.framework/Versions/A/CrashReporterSupport
0x0000000007814000 	/System/Library/Frameworks/OpenCL.framework/Versions/A/OpenCL
0x0000000007814000 	/System/Library/PrivateFrameworks/FaceCore.framework/Versions/A/FaceCore
0x0000000007814000 	/System/Library/PrivateFrameworks/Ubiquity.framework/Versions/A/Ubiquity
0x0000000007814000 	/System/Library/PrivateFrameworks/IconServices.framework/Versions/A/IconServices
0x0000000007814000 	/System/Library/PrivateFrameworks/ChunkingLibrary.framework/Versions/A/ChunkingLibrary
0x0000000007814000 	/System/Library/PrivateFrameworks/Apple80211.framework/Versions/A/Apple80211
0x0000000007814000 	/System/Library/Frameworks/CoreWLAN.framework/Versions/A/CoreWLAN
0x0000000007814000 	/System/Library/Frameworks/IOBluetooth.framework/Versions/A/IOBluetooth
0x0000000007814000 	/System/Library/PrivateFrameworks/CoreWiFi.framework/Versions/A/CoreWiFi
0x0000000007814000 	/System/Library/Frameworks/CoreBluetooth.framework/Versions/A/CoreBluetooth
0x0000000007814000 	/System/Library/PrivateFrameworks/DebugSymbols.framework/Versions/A/DebugSymbols
0x0000000007814000 	/System/Library/PrivateFrameworks/CoreSymbolication.framework/Versions/A/CoreSymbolication
0x0000000007814000 	/System/Library/PrivateFrameworks/Symbolication.framework/Versions/A/Symbolication
0x0000000007814000 	/System/Library/PrivateFrameworks/SpeechRecognitionCore.framework/Versions/A/SpeechRecognitionCore
0x000000010b89e000 	/Library/Java/JavaVirtualMachines/jdk1.7.0_79.jdk/Contents/Home/jre/lib/server/libjvm.dylib
0x0000000007814000 	/usr/lib/libstdc++.6.dylib
0x000000010c404000 	/Library/Java/JavaVirtualMachines/jdk1.7.0_79.jdk/Contents/Home/jre/lib/libverify.dylib
0x000000010c411000 	/Library/Java/JavaVirtualMachines/jdk1.7.0_79.jdk/Contents/Home/jre/lib/libjava.dylib
0x000000010c44b000 	/Library/Java/JavaVirtualMachines/jdk1.7.0_79.jdk/Contents/Home/jre/lib/libzip.dylib
0x00000001591fb000 	/System/Library/Frameworks/JavaVM.framework/Frameworks/JavaRuntimeSupport.framework/JavaRuntimeSupport
0x0000000159216000 	/System/Library/Frameworks/JavaVM.framework/Versions/A/Frameworks/JavaNativeFoundation.framework/Versions/A/JavaNativeFoundation
0x000000015922b000 	/System/Library/Frameworks/JavaVM.framework/Versions/A/JavaVM
0x0000000007814000 	/System/Library/Frameworks/Carbon.framework/Versions/A/Carbon
0x0000000159238000 	/System/Library/PrivateFrameworks/JavaLaunching.framework/Versions/A/JavaLaunching
0x0000000007814000 	/System/Library/Frameworks/Carbon.framework/Versions/A/Frameworks/CommonPanels.framework/Versions/A/CommonPanels
0x0000000007814000 	/System/Library/Frameworks/Carbon.framework/Versions/A/Frameworks/Help.framework/Versions/A/Help
0x0000000007814000 	/System/Library/Frameworks/Carbon.framework/Versions/A/Frameworks/ImageCapture.framework/Versions/A/ImageCapture
0x0000000007814000 	/System/Library/Frameworks/Carbon.framework/Versions/A/Frameworks/OpenScripting.framework/Versions/A/OpenScripting
0x0000000007814000 	/System/Library/Frameworks/Carbon.framework/Versions/A/Frameworks/Print.framework/Versions/A/Print
0x0000000007814000 	/System/Library/Frameworks/Carbon.framework/Versions/A/Frameworks/SecurityHI.framework/Versions/A/SecurityHI
0x000000015b1b6000 	/Library/Java/JavaVirtualMachines/jdk1.7.0_79.jdk/Contents/Home/jre/lib/libnio.dylib
0x000000015b1c5000 	/Library/Java/JavaVirtualMachines/jdk1.7.0_79.jdk/Contents/Home/jre/lib/./libnet.dylib

VM Arguments:
jvm_args: -Djava.awt.headless=true -Xmx1024M -Dfile.encoding=UTF-8 -Duser.country=US -Duser.language=en -Duser.variant 
java_command: com.android.dx.command.Main --dex --force-jumbo --num-threads=4 --multi-dex --output /Users/rahul.hooda/Rahul-Data/UTC-App/UttrakhandTransportCorporation/app/build/intermediates/transforms/dex/debug/folders/1000/10/internal_impl-23.2.1_de3320192f02e09e291ae87299ed7784a912e080 /Users/rahul.hooda/Rahul-Data/UTC-App/UttrakhandTransportCorporation/app/build/intermediates/exploded-aar/com.android.support/support-v4/23.2.1/jars/libs/internal_impl-23.2.1.jar
Launcher Type: SUN_STANDARD

Environment Variables:
PATH=/usr/bin:/bin:/usr/sbin:/sbin
SHELL=/bin/bash

Signal Handlers:
SIGSEGV: [libjvm.dylib+0x52daf1], sa_mask[0]=0xfffefeff, sa_flags=0x00000043
SIGBUS: [libjvm.dylib+0x52daf1], sa_mask[0]=0xfffefeff, sa_flags=0x00000042
SIGFPE: [libjvm.dylib+0x41f34e], sa_mask[0]=0xfffefeff, sa_flags=0x00000042
SIGPIPE: [libjvm.dylib+0x41f34e], sa_mask[0]=0xfffefeff, sa_flags=0x00000042
SIGXFSZ: [libjvm.dylib+0x41f34e], sa_mask[0]=0xfffefeff, sa_flags=0x00000042
SIGILL: [libjvm.dylib+0x41f34e], sa_mask[0]=0xfffefeff, sa_flags=0x00000042
SIGUSR1: SIG_DFL, sa_mask[0]=0x00000000, sa_flags=0x00000000
SIGUSR2: [libjvm.dylib+0x41ee40], sa_mask[0]=0x00000004, sa_flags=0x00000042
SIGHUP: [libjvm.dylib+0x41d0d1], sa_mask[0]=0xfffefeff, sa_flags=0x00000042
SIGINT: [libjvm.dylib+0x41d0d1], sa_mask[0]=0xfffefeff, sa_flags=0x00000042
SIGTERM: [libjvm.dylib+0x41d0d1], sa_mask[0]=0xfffefeff, sa_flags=0x00000042
SIGQUIT: [libjvm.dylib+0x41d0d1], sa_mask[0]=0xfffefeff, sa_flags=0x00000042


---------------  S Y S T E M  ---------------

OS:Bsduname:Darwin 14.5.0 Darwin Kernel Version 14.5.0: Wed Jul 29 02:26:53 PDT 2015; root:xnu-2782.40.9~1/RELEASE_X86_64 x86_64
rlimit: STACK 8192k, CORE 0k, NPROC 709, NOFILE 10240, AS infinity
load average:17.39 5.99 2.63

CPU:total 4 (2 cores per cpu, 2 threads per core) family 6 model 58 stepping 9, cmov, cx8, fxsr, mmx, sse, sse2, sse3, ssse3, sse4.1, sse4.2, popcnt, avx, aes, erms, ht, tsc, tscinvbit, tscinv

Memory: 4k page, physical 8388608k(2097152k free)

/proc/meminfo:


vm_info: Java HotSpot(TM) 64-Bit Server VM (24.79-b02) for bsd-amd64 JRE (1.7.0_79-b15), built on Apr 10 2015 11:35:04 by "java_re" with gcc 4.2.1 (Based on Apple Inc. build 5658) (LLVM build 2336.11.00)

time: Sun May  8 15:57:51 2016
elapsed time: 12 seconds

